This is XeTeX, Version 3.14159265-2.6-0.99992 (MiKTeX 2.9 64-bit) (preloaded format=xelatex 2016.4.19)  28 APR 2017 09:43
entering extended mode
**./paper(EN).tex
(paper(EN).tex
LaTeX2e <2015/10/01> patch level 2
Babel <3.9n> and hyphenation patterns for 69 languages loaded.
("C:\Program Files\MiKTeX 2.9\tex\latex\ctex\ctexart.cls"
("C:\Users\5201E20024\AppData\Local\Programs\MiKTeX 2.9\tex\latex\l3kernel\expl
3.sty"
Package: expl3 2016/03/28 v6468 L3 programming layer (loader) 

("C:\Users\5201E20024\AppData\Local\Programs\MiKTeX 2.9\tex\latex\l3kernel\expl
3-code.tex"
Package: expl3 2016/03/28 v6468 L3 programming layer (code)
L3 Module: l3bootstrap 2016/02/12 v6412 L3 Bootstrap code
L3 Module: l3names 2016/03/11 v6433 L3 Namespace for primitives
L3 Module: l3basics 2015/11/22 v6315 L3 Basic definitions
L3 Module: l3expan 2015/09/10 v5983 L3 Argument expansion
L3 Module: l3tl 2016/03/26 v6465 L3 Token lists
L3 Module: l3str 2016/03/24 v6441 L3 Strings
L3 Module: l3seq 2015/08/05 v5777 L3 Sequences and stacks
L3 Module: l3int 2016/03/24 v6441 L3 Integers
\c_max_int=\count79
\l_tmpa_int=\count80
\l_tmpb_int=\count81
\g_tmpa_int=\count82
\g_tmpb_int=\count83
L3 Module: l3quark 2015/08/17 v5855 L3 Quarks
L3 Module: l3prg 2015/11/01 v6216 L3 Control structures
\g__prg_map_int=\count84
L3 Module: l3clist 2015/09/02 v5901 L3 Comma separated lists
L3 Module: l3token 2016/03/26 v6465 L3 Experimental token manipulation
L3 Module: l3prop 2016/01/05 v6366 L3 Property lists
L3 Module: l3msg 2016/03/26 v6464 L3 Messages
L3 Module: l3file 2016/03/25 v6458 L3 File and I/O operations
\l_iow_line_count_int=\count85
\l__iow_target_count_int=\count86
\l__iow_current_line_int=\count87
\l__iow_current_word_int=\count88
\l__iow_current_indentation_int=\count89
L3 Module: l3skip 2016/01/05 v6366 L3 Dimensions and skips
\c_zero_dim=\dimen102
\c_max_dim=\dimen103
\l_tmpa_dim=\dimen104
\l_tmpb_dim=\dimen105
\g_tmpa_dim=\dimen106
\g_tmpb_dim=\dimen107
\c_zero_skip=\skip41
\c_max_skip=\skip42
\l_tmpa_skip=\skip43
\l_tmpb_skip=\skip44
\g_tmpa_skip=\skip45
\g_tmpb_skip=\skip46
\c_zero_muskip=\muskip10
\c_max_muskip=\muskip11
\l_tmpa_muskip=\muskip12
\l_tmpb_muskip=\muskip13
\g_tmpa_muskip=\muskip14
\g_tmpb_muskip=\muskip15
L3 Module: l3keys 2015/11/17 v6284 L3 Key-value interfaces
\g__keyval_level_int=\count90
\l_keys_choice_int=\count91
L3 Module: l3fp 2016/03/26 v6465 L3 Floating points
\c__fp_leading_shift_int=\count92
\c__fp_middle_shift_int=\count93
\c__fp_trailing_shift_int=\count94
\c__fp_big_leading_shift_int=\count95
\c__fp_big_middle_shift_int=\count96
\c__fp_big_trailing_shift_int=\count97
\c__fp_Bigg_leading_shift_int=\count98
\c__fp_Bigg_middle_shift_int=\count99
\c__fp_Bigg_trailing_shift_int=\count100
L3 Module: l3box 2015/08/09 v5822 L3 Experimental boxes
\c_empty_box=\box26
\l_tmpa_box=\box27
\l_tmpb_box=\box28
\g_tmpa_box=\box29
\g_tmpb_box=\box30
L3 Module: l3coffins 2016/03/24 v6440 L3 Coffin code layer
\l__coffin_internal_box=\box31
\l__coffin_internal_dim=\dimen108
\l__coffin_offset_x_dim=\dimen109
\l__coffin_offset_y_dim=\dimen110
\l__coffin_x_dim=\dimen111
\l__coffin_y_dim=\dimen112
\l__coffin_x_prime_dim=\dimen113
\l__coffin_y_prime_dim=\dimen114
\c_empty_coffin=\box32
\l__coffin_aligned_coffin=\box33
\l__coffin_aligned_internal_coffin=\box34
\l_tmpa_coffin=\box35
\l_tmpb_coffin=\box36
\l__coffin_display_coffin=\box37
\l__coffin_display_coord_coffin=\box38
\l__coffin_display_pole_coffin=\box39
\l__coffin_display_offset_dim=\dimen115
\l__coffin_display_x_dim=\dimen116
\l__coffin_display_y_dim=\dimen117
L3 Module: l3color 2014/08/23 v5354 L3 Experimental color support
L3 Module: l3sys 2015/09/25 v6087 L3 Experimental system/runtime functions
L3 Module: l3candidates 2016/03/25 v6456 L3 Experimental additions to l3kernel
\l__box_top_dim=\dimen118
\l__box_bottom_dim=\dimen119
\l__box_left_dim=\dimen120
\l__box_right_dim=\dimen121
\l__box_top_new_dim=\dimen122
\l__box_bottom_new_dim=\dimen123
\l__box_left_new_dim=\dimen124
\l__box_right_new_dim=\dimen125
\l__box_internal_box=\box40
\l__coffin_bounding_shift_dim=\dimen126
\l__coffin_left_corner_dim=\dimen127
\l__coffin_right_corner_dim=\dimen128
\l__coffin_bottom_corner_dim=\dimen129
\l__coffin_top_corner_dim=\dimen130
\l__coffin_scaled_total_height_dim=\dimen131
\l__coffin_scaled_width_dim=\dimen132
L3 Module: l3luatex 2016/03/26 v6465 L3 Experimental LuaTeX-specific functions
)
("C:\Users\5201E20024\AppData\Local\Programs\MiKTeX 2.9\tex\latex\l3kernel\l3xd
vipdfmx.def"
File: l3xdvidpfmx.def 2016/03/26 v6465 L3 Experimental driver: xdvipdfmx
))
Document Class: ctexart 2016/02/02 v2.3 Chinese adapter for class article (CTEX
)

("C:\Users\5201E20024\AppData\Local\Programs\MiKTeX 2.9\tex\latex\l3packages\xp
arse\xparse.sty"
Package: xparse 2016/03/28 v6468 L3 Experimental document command parser
\l__xparse_current_arg_int=\count101
\l__xparse_m_args_int=\count102
\l__xparse_mandatory_args_int=\count103
\l__xparse_processor_int=\count104
\l__xparse_v_nesting_int=\count105
)
("C:\Users\5201E20024\AppData\Local\Programs\MiKTeX 2.9\tex\latex\l3packages\l3
keys2e\l3keys2e.sty"
Package: l3keys2e 2016/03/28 v6468 LaTeX2e option processing using LaTeX3 keys
)
\g__file_internal_ior=\read1
 ("C:\Program Files\MiKTeX 2.9\tex\latex\ctex\ctexhook.sty"
Package: ctexhook 2016/02/02 v2.3 Document and package hooks (CTEX)
) ("C:\Program Files\MiKTeX 2.9\tex\latex\ctex\ctexpatch.sty"
Package: ctexpatch 2016/02/02 v2.3 Patching commands (CTEX)
)
("C:\Users\5201E20024\AppData\Local\Programs\MiKTeX 2.9\tex\latex\base\fix-cm.s
ty"
Package: fix-cm 2015/01/14 v1.1t fixes to LaTeX

("C:\Users\5201E20024\AppData\Local\Programs\MiKTeX 2.9\tex\latex\base\ts1enc.d
ef"
File: ts1enc.def 2001/06/05 v3.0e (jk/car/fm) Standard LaTeX file
)) ("C:\Program Files\MiKTeX 2.9\tex\latex\ms\everysel.sty"
Package: everysel 2011/10/28 v1.2 EverySelectfont Package (MS)
)
\l__ctex_tmp_int=\count106
\l__ctex_tmp_dim=\dimen133
\l__ctex_tmp_box=\box41

("C:\Program Files\MiKTeX 2.9\tex\latex\ctex\config\ctexopts.cfg"
File: ctexopts.cfg 2016/02/02 v2.3 Option configuration file (CTEX)
)
("C:\Users\5201E20024\AppData\Local\Programs\MiKTeX 2.9\tex\latex\base\article.
cls"
Document Class: article 2014/09/29 v1.4h Standard LaTeX document class

("C:\Users\5201E20024\AppData\Local\Programs\MiKTeX 2.9\tex\latex\base\size10.c
lo"
File: size10.clo 2014/09/29 v1.4h Standard LaTeX file (size option)
)
\c@part=\count107
\c@section=\count108
\c@subsection=\count109
\c@subsubsection=\count110
\c@paragraph=\count111
\c@subparagraph=\count112
\c@figure=\count113
\c@table=\count114
\abovecaptionskip=\skip47
\belowcaptionskip=\skip48
\bibindent=\dimen134
)
.................................................
. LaTeX info: "xparse/define-command"
. 
. Defining command \ctexset with sig. '' on line 375.
.................................................
.................................................
. LaTeX info: "xparse/define-command"
. 
. Defining command \CTEXsetup with sig. '+o>{\TrimSpaces }m' on line 381.
.................................................
.................................................
. LaTeX info: "xparse/define-command"
. 
. Defining command \CTEXoptions with sig. '+o' on line 387.
.................................................
 ("C:\Program Files\MiKTeX 2.9\tex\latex\ctex\engine\ctex-engine-xetex.def"
File: ctex-engine-xetex.def 2016/02/02 v2.3 XeLaTeX adapter (CTEX)

("C:\Users\5201E20024\AppData\Local\Programs\MiKTeX 2.9\tex\xelatex\xecjk\xeCJK
.sty"
Package: xeCJK 2016/02/10 v3.3.4 Typesetting CJK scripts with XeLaTeX

("C:\Users\5201E20024\AppData\Local\Programs\MiKTeX 2.9\tex\latex\l3packages\xt
emplate\xtemplate.sty"
Package: xtemplate 2016/03/28 v6468 L3 Experimental prototype document function
s
\l__xtemplate_tmp_dim=\dimen135
\l__xtemplate_tmp_int=\count115
\l__xtemplate_tmp_muskip=\muskip16
\l__xtemplate_tmp_skip=\skip49
)
\l__xeCJK_tmp_int=\count116
\l__xeCJK_tmp_box=\box42
\l__xeCJK_tmp_dim=\dimen136
\l__xeCJK_tmp_skip=\skip50
.................................................
. LaTeX info: "xparse/define-command"
. 
. Defining command \xeCJKShipoutHook with sig. '' on line 151.
.................................................
\g__xeCJK_spacefactor_int=\count117
\l__xeCJK_begin_int=\count118
\l__xeCJK_end_int=\count119
.................................................
. LaTeX info: "xparse/define-command"
. 
. Defining command \makexeCJKactive with sig. '' on line 380.
.................................................
.................................................
. LaTeX info: "xparse/define-command"
. 
. Defining command \makexeCJKinactive with sig. '' on line 381.
.................................................
\c__xeCJK_HalfLeft_class_int=\XeTeXcharclass4
\c__xeCJK_HalfRight_class_int=\XeTeXcharclass5
\c__xeCJK_NormalSpace_class_int=\XeTeXcharclass6
\c__xeCJK_CM_class_int=\XeTeXcharclass7
\c__xeCJK_HangulJamo_class_int=\XeTeXcharclass8
.................................................
. LaTeX info: "xparse/define-command"
. 
. Defining command \xeCJKDeclareCharClass with sig. 's>{\TrimSpaces }mm' on
. line 555.
.................................................
.................................................
. LaTeX info: "xparse/define-command"
. 
. Defining command \__xeCJK_set_char_class_aux:Nnw with sig.
. 'm>{\SplitArgument {1}{->}}m' on line 572.
.................................................
.................................................
. LaTeX info: "xparse/define-command"
. 
. Defining command \normalspacedchars with sig. 'm' on line 617.
.................................................
.................................................
. LaTeX info: "xparse/define-command"
. 
. Defining command \xeCJKResetPunctClass with sig. '' on line 624.
.................................................
.................................................
. LaTeX info: "xparse/define-command"
. 
. Defining command \xeCJKResetCharClass with sig. '' on line 632.
.................................................
\g__xeCJK_node_int=\count120
\c__xeCJK_CJK_node_dim=\dimen137
\c__xeCJK_CJK-space_node_dim=\dimen138
\c__xeCJK_default_node_dim=\dimen139
\c__xeCJK_default-space_node_dim=\dimen140
\c__xeCJK_CJK-widow_node_dim=\dimen141
\c__xeCJK_normalspace_node_dim=\dimen142
\l__xeCJK_ccglue_skip=\skip51
\l__xeCJK_ecglue_skip=\skip52
.................................................
. LaTeX info: "xparse/define-command"
. 
. Defining command \xeCJKnobreak with sig. '' on line 1409.
.................................................
\l__xeCJK_widow_penalty_int=\count121
.................................................
. LaTeX info: "xparse/define-command"
. 
. Defining command \xeCJKDeclareSubCJKBlock with sig. 's>{\TrimSpaces
. }m>{\TrimSpaces }m' on line 1605.
.................................................
.................................................
. LaTeX info: "xparse/define-command"
. 
. Defining command \xeCJKCancelSubCJKBlock with sig. 'sm' on line 1616.
.................................................
.................................................
. LaTeX info: "xparse/define-command"
. 
. Defining command \xeCJKRestoreSubCJKBlock with sig. 'sm' on line 1625.
.................................................
.................................................
. LaTeX info: "xparse/define-command"
. 
. Defining command \xeCJKsetwidth with sig. 'smm' on line 1723.
.................................................
.................................................
. LaTeX info: "xparse/define-command"
. 
. Defining command \xeCJKsetkern with sig. 'mmm' on line 1727.
.................................................
.................................................
. xtemplate info: "declare-object-type"
. 
. Declaring object type 'xeCJK/punctuation' taking \c_zero  argument(s) on
. line 1828.
.................................................
\l__xeCJK_fixed_punct_width_dim=\dimen143
\l__xeCJK_mixed_punct_width_dim=\dimen144
\l__xeCJK_middle_punct_width_dim=\dimen145
\l__xeCJK_fixed_margin_width_dim=\dimen146
\l__xeCJK_mixed_margin_width_dim=\dimen147
\l__xeCJK_middle_margin_width_dim=\dimen148
\l__xeCJK_bound_punct_width_dim=\dimen149
\l__xeCJK_bound_margin_width_dim=\dimen150
\l__xeCJK_margin_minimum_dim=\dimen151
\l__xeCJK_kerning_total_width_dim=\dimen152
\l__xeCJK_same_align_margin_dim=\dimen153
\l__xeCJK_different_align_margin_dim=\dimen154
\l__xeCJK_kerning_margin_width_dim=\dimen155
\l__xeCJK_kerning_margin_minimum_dim=\dimen156
\l__xeCJK_bound_dim=\dimen157
\l__xeCJK_reverse_bound_dim=\dimen158
.................................................
. LaTeX info: "xparse/define-command"
. 
. Defining command \xeCJKDeclarePunctStyle with sig. '>{\TrimSpaces }mm' on
. line 2313.
.................................................
.................................................
. LaTeX info: "xparse/define-command"
. 
. Defining command \xeCJKEditPunctStyle with sig. '>{\TrimSpaces }mm' on line
. 2326.
.................................................
.................................................
. LaTeX info: "xparse/define-command"
. 
. Defining command \setCJKfallbackfamilyfont with sig. 'mO{}m' on line 2414.
.................................................
\g__xeCJK_family_int=\count122
.................................................
. LaTeX info: "xparse/define-command"
. 
. Defining command \CJKfamily with sig. 't+t-m' on line 2838.
.................................................
.................................................
. LaTeX info: "xparse/define-command"
. 
. Defining command \__xeCJK_gobble_CJKfamily:wn with sig. 't+t-m' on line
. 2852.
.................................................
.................................................
. LaTeX info: "xparse/define-command"
. 
. Defining command \setCJKmainfont with sig. 'O{}m' on line 2902.
.................................................
.................................................
. LaTeX info: "xparse/define-command"
. 
. Defining command \setCJKsansfont with sig. 'O{}m' on line 2908.
.................................................
.................................................
. LaTeX info: "xparse/define-command"
. 
. Defining command \setCJKmonofont with sig. 'O{}m' on line 2913.
.................................................
.................................................
. LaTeX info: "xparse/define-command"
. 
. Defining command \setCJKfamilyfont with sig. 'mO{}m' on line 2920.
.................................................
.................................................
. LaTeX info: "xparse/define-command"
. 
. Defining command \newCJKfontfamily with sig. 'omO{}m' on line 2926.
.................................................
.................................................
. LaTeX info: "xparse/define-command"
. 
. Defining command \CJKfontspec with sig. 'O{}m' on line 2931.
.................................................
.................................................
. LaTeX info: "xparse/define-command"
. 
. Defining command \defaultCJKfontfeatures with sig. 'm' on line 2954.
.................................................
.................................................
. LaTeX info: "xparse/define-command"
. 
. Defining command \addCJKfontfeatures with sig. 'sO{}m' on line 2960.
.................................................
.................................................
. LaTeX info: "xparse/define-command"
. 
. Defining command \setCJKmathfont with sig. 'O{}m' on line 3130.
.................................................
\l__xeCJK_verb_case_int=\count123
.................................................
. LaTeX info: "xparse/define-command"
. 
. Defining command \xeCJKVerbAddon with sig. '' on line 3283.
.................................................
.................................................
. LaTeX info: "xparse/define-command"
. 
. Defining command \xeCJKOffVerbAddon with sig. '' on line 3287.
.................................................
\l__xeCJK_verb_exspace_skip=\skip53

("C:\Users\5201E20024\AppData\Local\Programs\MiKTeX 2.9\tex\latex\fontspec\font
spec.sty"
Package: fontspec 2015/09/24 v2.4e Font selection for XeLaTeX and LuaLaTeX
\l_fontspec_script_int=\count124
\l_fontspec_language_int=\count125
\l_fontspec_strnum_int=\count126
\l__fontspec_tmpa_dim=\dimen159
\l__fontspec_tmpb_dim=\dimen160
\l__fontspec_tmpc_dim=\dimen161

("C:\Users\5201E20024\AppData\Local\Programs\MiKTeX 2.9\tex\latex\fontspec\font
spec-patches.sty"
Package: fontspec-patches 2015/09/24 v2.4e Font selection for XeLaTeX and LuaLa
TeX
LaTeX Info: Redefining \em on input line 49.
LaTeX Info: Redefining \emph on input line 57.
LaTeX Info: Redefining \- on input line 60.
.................................................
. LaTeX info: "xparse/redefine-command"
. 
. Redefining command \oldstylenums with sig. 'm' on line 155.
.................................................
.................................................
. LaTeX info: "xparse/define-command"
. 
. Defining command \liningnums with sig. 'm' on line 159.
.................................................
)
("C:\Users\5201E20024\AppData\Local\Programs\MiKTeX 2.9\tex\latex\fontspec\font
spec-xetex.sty"
Package: fontspec-xetex 2015/09/24 v2.4e Font selection for XeLaTeX and LuaLaTe
X

("C:\Users\5201E20024\AppData\Local\Programs\MiKTeX 2.9\tex\latex\base\fontenc.
sty"
Package: fontenc 2005/09/27 v1.99g Standard LaTeX package

("C:\Users\5201E20024\AppData\Local\Programs\MiKTeX 2.9\tex\latex\euenc\eu1enc.
def"
File: eu1enc.def 2010/05/27 v0.1h Experimental Unicode font encodings
)
LaTeX Font Info:    Try loading font information for EU1+lmr on input line 105.


("C:\Users\5201E20024\AppData\Local\Programs\MiKTeX 2.9\tex\latex\euenc\eu1lmr.
fd"
File: eu1lmr.fd 2009/10/30 v1.6 Font defs for Latin Modern
)
Requested font "[lmroman10-regular]:mapping=tex-text" at 10.0pt
 -> C:/Users/5201E20024/AppData/Local/Programs/MiKTeX 2.9/fonts/opentype/public
/lm/lmroman10-regular.otf
)
("C:\Users\5201E20024\AppData\Local\Programs\MiKTeX 2.9\tex\xelatex\xunicode\xu
nicode.sty"
File: xunicode.sty 2011/09/09 v0.981 provides access to latin accents and many 
other characters in Unicode lower plane
 ("C:\Program Files\MiKTeX 2.9\tex\latex\tipa\t3enc.def"
File: t3enc.def 2001/12/31 T3 encoding
Requested font "[lmromanslant10-regular]:mapping=tex-text" at 10.0pt
 -> C:/Users/5201E20024/AppData/Local/Programs/MiKTeX 2.9/fonts/opentype/public
/lm/lmromanslant10-regular.otf
Requested font "[lmroman10-italic]:mapping=tex-text" at 10.0pt
 -> C:/Users/5201E20024/AppData/Local/Programs/MiKTeX 2.9/fonts/opentype/public
/lm/lmroman10-italic.otf
Requested font "[lmroman10-bold]:mapping=tex-text" at 10.0pt
 -> C:/Users/5201E20024/AppData/Local/Programs/MiKTeX 2.9/fonts/opentype/public
/lm/lmroman10-bold.otf
LaTeX Font Info:    Try loading font information for EU1+lmss on input line 357
.

("C:\Users\5201E20024\AppData\Local\Programs\MiKTeX 2.9\tex\latex\euenc\eu1lmss
.fd"
File: eu1lmss.fd 2009/10/30 v1.6 Font defs for Latin Modern
)
Requested font "[lmsans10-regular]:mapping=tex-text" at 10.0pt
 -> C:/Users/5201E20024/AppData/Local/Programs/MiKTeX 2.9/fonts/opentype/public
/lm/lmsans10-regular.otf
)
\tipaTiiicode=\count127
\tipasavetokens=\toks14
\tipachecktokens=\toks15

("C:\Users\5201E20024\AppData\Local\Programs\MiKTeX 2.9\tex\latex\graphics\grap
hicx.sty"
Package: graphicx 2014/10/28 v1.0g Enhanced LaTeX Graphics (DPC,SPQR)

("C:\Users\5201E20024\AppData\Local\Programs\MiKTeX 2.9\tex\latex\graphics\keyv
al.sty"
Package: keyval 2014/10/28 v1.15 key=value parser (DPC)
\KV@toks@=\toks16
)
("C:\Users\5201E20024\AppData\Local\Programs\MiKTeX 2.9\tex\latex\graphics\grap
hics.sty"
Package: graphics 2014/10/28 v1.0p Standard LaTeX Graphics (DPC,SPQR)

("C:\Users\5201E20024\AppData\Local\Programs\MiKTeX 2.9\tex\latex\graphics\trig
.sty"
Package: trig 1999/03/16 v1.09 sin cos tan (DPC)
)
("C:\Users\5201E20024\AppData\Local\Programs\MiKTeX 2.9\tex\latex\00miktex\grap
hics.cfg"
File: graphics.cfg 2007/01/18 v1.5 graphics configuration of teTeX/TeXLive
)
Package graphics Info: Driver file: xetex.def on input line 94.

("C:\Users\5201E20024\AppData\Local\Programs\MiKTeX 2.9\tex\xelatex\xetex-def\x
etex.def"
File: xetex.def 2016/04/06 v4.08 LaTeX color/graphics driver for XeTeX (TeX Liv
e/RRM/JK)

("C:\Users\5201E20024\AppData\Local\Programs\MiKTeX 2.9\tex\generic\oberdiek\in
fwarerr.sty"
Package: infwarerr 2010/04/08 v1.3 Providing info/warning/error messages (HO)
)
("C:\Users\5201E20024\AppData\Local\Programs\MiKTeX 2.9\tex\generic\oberdiek\lt
xcmds.sty"
Package: ltxcmds 2011/11/09 v1.22 LaTeX kernel commands for general use (HO)
)))
\Gin@req@height=\dimen162
\Gin@req@width=\dimen163
))
.................................................
. LaTeX info: "xparse/define-command"
. 
. Defining command \__fontspec_post_arg:w with sig. 'mmO{}' on line 42.
.................................................
.................................................
. LaTeX info: "xparse/define-command"
. 
. Defining command \fontspec with sig. 'om' on line 44.
.................................................
.................................................
. LaTeX info: "xparse/define-command"
. 
. Defining command \setmainfont with sig. 'om' on line 54.
.................................................
.................................................
. LaTeX info: "xparse/define-command"
. 
. Defining command \setsansfont with sig. 'om' on line 64.
.................................................
.................................................
. LaTeX info: "xparse/define-command"
. 
. Defining command \setmonofont with sig. 'om' on line 74.
.................................................
.................................................
. LaTeX info: "xparse/define-command"
. 
. Defining command \setmathrm with sig. 'om' on line 88.
.................................................
.................................................
. LaTeX info: "xparse/define-command"
. 
. Defining command \setboldmathrm with sig. 'om' on line 96.
.................................................
.................................................
. LaTeX info: "xparse/define-command"
. 
. Defining command \setmathsf with sig. 'om' on line 104.
.................................................
.................................................
. LaTeX info: "xparse/define-command"
. 
. Defining command \setmathtt with sig. 'om' on line 112.
.................................................
.................................................
. LaTeX info: "xparse/define-command"
. 
. Defining command \newfontfamily with sig. 'mom' on line 126.
.................................................
.................................................
. LaTeX info: "xparse/define-command"
. 
. Defining command \newfontface with sig. 'mom' on line 141.
.................................................
.................................................
. LaTeX info: "xparse/define-command"
. 
. Defining command \defaultfontfeatures with sig. 't+om' on line 155.
.................................................
.................................................
. LaTeX info: "xparse/define-command"
. 
. Defining command \addfontfeatures with sig. 'm' on line 210.
.................................................
.................................................
. LaTeX info: "xparse/define-command"
. 
. Defining command \newfontfeature with sig. 'mm' on line 221.
.................................................
.................................................
. LaTeX info: "xparse/define-command"
. 
. Defining command \newAATfeature with sig. 'mmmm' on line 229.
.................................................
.................................................
. LaTeX info: "xparse/define-command"
. 
. Defining command \newopentypefeature with sig. 'mmm' on line 237.
.................................................
.................................................
. LaTeX info: "xparse/define-command"
. 
. Defining command \aliasfontfeature with sig. 'mm' on line 258.
.................................................
.................................................
. LaTeX info: "xparse/define-command"
. 
. Defining command \aliasfontfeatureoption with sig. 'mmm' on line 267.
.................................................
.................................................
. LaTeX info: "xparse/define-command"
. 
. Defining command \newfontscript with sig. 'mm' on line 272.
.................................................
.................................................
. LaTeX info: "xparse/define-command"
. 
. Defining command \newfontlanguage with sig. 'mm' on line 298.
.................................................
.................................................
. LaTeX info: "xparse/define-command"
. 
. Defining command \DeclareFontsExtensions with sig. 'm' on line 318.
.................................................
\l__fontspec_tmp_int=\count128
LaTeX Info: Redefining \itshape on input line 2227.
LaTeX Info: Redefining \slshape on input line 2232.
LaTeX Info: Redefining \scshape on input line 2237.
LaTeX Info: Redefining \upshape on input line 2242.

("C:\Users\5201E20024\AppData\Local\Programs\MiKTeX 2.9\tex\latex\fontspec\font
spec.cfg")))
("C:\Users\5201E20024\AppData\Local\Programs\MiKTeX 2.9\tex\xelatex\xecjk\xunic
ode-addon.sty"
Package: xunicode-addon 2016/02/10 v3.3.4 addon file for xunicode
.................................................
. LaTeX info: "xparse/redefine-command"
. 
. Redefining command \ReloadXunicode with sig. 'm' on line 87.
.................................................
.................................................
. LaTeX info: "xparse/redefine-command"
. 
. Redefining command \DeclareUTFmathsymbols with sig. 'm' on line 132.
.................................................
.................................................
. LaTeX info: "xparse/redefine-command"
. 
. Redefining command \UseMathAsText with sig. '' on line 141.
.................................................
.................................................
. LaTeX info: "xparse/redefine-command"
. 
. Redefining command \UndeclareUTFcharacter with sig. 'O{\UTFencname }mm' on
. line 176.
.................................................
.................................................
. LaTeX info: "xparse/redefine-command"
. 
. Redefining command \UndeclareUTFcomposite with sig. 'O{\UTFencname }mmm' on
. line 183.
.................................................
.................................................
. LaTeX info: "xparse/redefine-command"
. 
. Redefining command \DeclareUTFcharacter with sig. 'O{\UTFencname }mm' on
. line 210.
.................................................
.................................................
. LaTeX info: "xparse/define-command"
. 
. Defining command \DeclareUTFSymbol with sig. 'mO{\UTFencname }m' on line
. 236.
.................................................
.................................................
. LaTeX info: "xparse/define-command"
. 
. Defining command \DeclareUTFCommand with sig. 'mO{\UTFencname }m' on line
. 238.
.................................................
.................................................
. LaTeX info: "xparse/redefine-command"
. 
. Redefining command \DeclareUTFcomposite with sig. 'O{\UTFencname }mmm' on
. line 281.
.................................................
.................................................
. LaTeX info: "xparse/define-command"
. 
. Defining command \DeclareUTFCompositeCommand with sig. 'mO{\UTFencname }mm'
. on line 294.
.................................................
.................................................
. LaTeX info: "xparse/define-command"
. 
. Defining command \DeclareUTFCompositeSymbol with sig. 'mO{\UTFencname }mm'
. on line 299.
.................................................
.................................................
. LaTeX info: "xparse/define-command"
. 
. Defining command \DeclareUTFComposite with sig. 'mO{\UTFencname }' on line
. 301.
.................................................
.................................................
. LaTeX info: "xparse/define-command"
. 
. Defining command \DeclareUTFEncodedAccent with sig. 'mO{\UTFencname }mm' on
. line 303.
.................................................
.................................................
. LaTeX info: "xparse/define-command"
. 
. Defining command \DeclareUTFEncodedAccents with sig. 'mO{\UTFencname }mm' on
. line 305.
.................................................
.................................................
. LaTeX info: "xparse/define-command"
. 
. Defining command \DeclareUTFEncodedSymbol with sig. 'mO{\UTFencname }mm' on
. line 307.
.................................................
.................................................
. LaTeX info: "xparse/define-command"
. 
. Defining command \DeclareUTFEncodedCircle with sig. 'mO{\UTFencname }mm' on
. line 309.
.................................................
.................................................
. LaTeX info: "xparse/redefine-command"
. 
. Redefining command \DeclareEncodedCompositeCharacter with sig. 'mmmm' on
. line 311.
.................................................
.................................................
. LaTeX info: "xparse/redefine-command"
. 
. Redefining command \DeclareEncodedCompositeAccents with sig. 'mmmm' on line
. 313.
.................................................
.................................................
. LaTeX info: "xparse/define-command"
. 
. Defining command \DeclareUTFDoubleEncodedAccent with sig. 'mO{\UTFencname
. }mm' on line 315.
.................................................
.................................................
. LaTeX info: "xparse/define-command"
. 
. Defining command \DeclareUTFDoubleEncodedSymbol with sig. 'mO{\UTFencname
. }mm' on line 317.
.................................................
\l__xunadd_tmp_coffin=\box43
\l__xunadd_circle_coffin=\box44
.................................................
. LaTeX info: "xparse/define-command"
. 
. Defining command \settextcircledratio with sig. 'm' on line 468.
.................................................
.................................................
. LaTeX info: "xparse/define-command"
. 
. Defining command \AtBeginUTFCommand with sig. 'sO{}+m' on line 537.
.................................................
.................................................
. LaTeX info: "xparse/define-command"
. 
. Defining command \AtEndUTFCommand with sig. 'sO{}+m' on line 547.
.................................................
.................................................
. LaTeX info: "xparse/define-command"
. 
. Defining command \DeclareUTFTIPACommand with sig. 'O{\UTFencname }m' on line
. 579.
.................................................
)
("C:\Users\5201E20024\AppData\Local\Programs\MiKTeX 2.9\tex\xelatex\xunicode\xu
nicode.sty"
File: xunicode.sty 2011/09/09 v0.981 provides access to latin accents and many 
other characters in Unicode lower plane

*** Reloading Xunicode for encoding 'EU1' ***
)
("C:\Users\5201E20024\AppData\Local\Programs\MiKTeX 2.9\tex\xelatex\xecjk\xunic
ode-extra.def"
File: xunicode-extra.def 2016/02/10 v3.3.4 extra definition for xunicode
)
.................................................
. LaTeX info: "xparse/define-command"
. 
. Defining command \xeCJKsetup with sig. '+m' on line 3588.
.................................................
.................................................
. LaTeX info: "xparse/define-command"
. 
. Defining command \xeCJKsetemboldenfactor with sig. 'm' on line 3590.
.................................................
.................................................
. LaTeX info: "xparse/define-command"
. 
. Defining command \xeCJKsetslantfactor with sig. 'm' on line 3592.
.................................................
.................................................
. LaTeX info: "xparse/define-command"
. 
. Defining command \punctstyle with sig. 'm' on line 3593.
.................................................
.................................................
. LaTeX info: "xparse/define-command"
. 
. Defining command \xeCJKplainchr with sig. '' on line 3594.
.................................................
.................................................
. LaTeX info: "xparse/define-command"
. 
. Defining command \CJKsetecglue with sig. 'm' on line 3595.
.................................................
.................................................
. LaTeX info: "xparse/define-command"
. 
. Defining command \CJKspace with sig. '' on line 3597.
.................................................
.................................................
. LaTeX info: "xparse/define-command"
. 
. Defining command \CJKnospace with sig. '' on line 3598.
.................................................
.................................................
. LaTeX info: "xparse/define-command"
. 
. Defining command \xeCJKallowbreakbetweenpuncts with sig. '' on line 3600.
.................................................
.................................................
. LaTeX info: "xparse/define-command"
. 
. Defining command \xeCJKnobreakbetweenpuncts with sig. '' on line 3602.
.................................................
.................................................
. LaTeX info: "xparse/define-command"
. 
. Defining command \xeCJKenablefallback with sig. '' on line 3604.
.................................................
.................................................
. LaTeX info: "xparse/define-command"
. 
. Defining command \xeCJKdisablefallback with sig. '' on line 3606.
.................................................
.................................................
. LaTeX info: "xparse/define-command"
. 
. Defining command \xeCJKsetcharclass with sig. 'mmm' on line 3611.
.................................................
.................................................
. LaTeX info: "xparse/redefine-command"
. 
. Redefining command \nobreakspace with sig. '' on line 3730.
.................................................
.................................................
. LaTeX info: "xparse/redefine-command"
. 
. Redefining command \fontfamily with sig. 'm' on line 3776.
.................................................

("C:\Users\5201E20024\AppData\Local\Programs\MiKTeX 2.9\tex\xelatex\xecjk\xeCJK
.cfg"
File: xeCJK.cfg 2016/02/10 v3.3.4 Configuration file for xeCJK package
))
("C:\Users\5201E20024\AppData\Local\Programs\MiKTeX 2.9\tex\xelatex\xecjk\xeCJK
fntef.sty"
Package: xeCJKfntef 2016/02/10 v3.3.4 xeCJK font effect
 ("C:\Program Files\MiKTeX 2.9\tex\latex\ulem\ulem.sty"
\UL@box=\box45
\UL@hyphenbox=\box46
\UL@skip=\skip54
\UL@hook=\toks17
\UL@height=\dimen164
\UL@pe=\count129
\UL@pixel=\dimen165
\ULC@box=\box47
Requested font "lasy6" scaled 1000
Package: ulem 2012/05/18
\ULdepth=\dimen166
)
("C:\Users\5201E20024\AppData\Local\Programs\MiKTeX 2.9\tex\latex\environ\envir
on.sty"
Package: environ 2014/05/04 v0.3 A new way to define environments
 ("C:\Program Files\MiKTeX 2.9\tex\latex\trimspaces\trimspaces.sty"
Package: trimspaces 2009/09/17 v1.1 Trim spaces around a token list
)
\@envbody=\toks18
)
("C:\Users\5201E20024\AppData\Local\Programs\MiKTeX 2.9\tex\latex\cjk\CJKfntef.
sty"
Package: CJKfntef 2015/04/18 4.8.4
\CJK@fntefSkip=\skip55
\CJK@nest=\count130
\CJK@fntefDimen=\dimen167
\CJK@underdotBox=\box48
\CJK@ULbox=\box49
\CJK@underanyskip=\dimen168
)
\l__xeCJK_space_skip=\skip56
\c__xeCJK_ulem-left_node_dim=\dimen169
\c__xeCJK_null_box=\box50
.................................................
. LaTeX info: "xparse/define-command"
. 
. Defining command \xeCJKfntefon with sig. 'st-so' on line 590.
.................................................
.................................................
. LaTeX info: "xparse/redefine-command"
. 
. Redefining command \CJKunderline with sig. 'st-so' on line 609.
.................................................
.................................................
. LaTeX info: "xparse/redefine-command"
. 
. Redefining command \varCJKunderline with sig. '' on line 611.
.................................................
.................................................
. LaTeX info: "xparse/redefine-command"
. 
. Redefining command \CJKunderwave with sig. 'st-so' on line 621.
.................................................
.................................................
. LaTeX info: "xparse/redefine-command"
. 
. Redefining command \CJKunderdblline with sig. 'st-so' on line 645.
.................................................
.................................................
. LaTeX info: "xparse/redefine-command"
. 
. Redefining command \CJKsout with sig. 'st-so' on line 664.
.................................................
.................................................
. LaTeX info: "xparse/redefine-command"
. 
. Redefining command \CJKxout with sig. 'st-so' on line 681.
.................................................
.................................................
. LaTeX info: "xparse/redefine-command"
. 
. Redefining command \CJKunderanyline with sig. 'st-somm' on line 702.
.................................................
\l__xeCJK_fntef_box=\box51
.................................................
. LaTeX info: "xparse/redefine-command"
. 
. Redefining command \CJKunderanysymbol with sig. 'ommm' on line 874.
.................................................
.................................................
. LaTeX info: "xparse/redefine-command"
. 
. Redefining command \CJKunderdot with sig. 'om' on line 883.
.................................................
\l__xeCJK_under_symbol_box=\box52
.................................................
. LaTeX info: "xparse/redefine-environment"
. 
. Redefining environment 'CJKfilltwosides' with sig. 'O{c}m' on line 977.
.................................................
\c__xeCJK_filll_skip=\skip57
)
\ccwd=\dimen170
\l__ctex_ccglue_skip=\skip58
)
.................................................
. LaTeX info: "xparse/define-command"
. 
. Defining command \CTEXsetfont with sig. '' on line 415.
.................................................
.................................................
. LaTeX info: "xparse/define-command"
. 
. Defining command \ziju with sig. 'm' on line 487.
.................................................
\l__ctex_ziju_dim=\dimen171
.................................................
. LaTeX info: "xparse/define-command"
. 
. Defining command \CTEXindent with sig. '' on line 528.
.................................................
.................................................
. LaTeX info: "xparse/define-command"
. 
. Defining command \CTEXnoindent with sig. '' on line 534.
.................................................

("C:\Users\5201E20024\AppData\Local\Programs\MiKTeX 2.9\tex\latex\zhnumber\zhnu
mber.sty"
Package: zhnumber 2016/02/02 v2.3 Typesetting numbers with Chinese glyphs
.................................................
. LaTeX info: "xparse/define-command"
. 
. Defining command \zhnumber with sig. '+o+m' on line 45.
.................................................
.................................................
. LaTeX info: "xparse/define-command"
. 
. Defining command \zhnumberwithoptions with sig. '+m+m' on line 52.
.................................................
.................................................
. LaTeX info: "xparse/define-command"
. 
. Defining command \zhnum with sig. '+o+m' on line 106.
.................................................
.................................................
. LaTeX info: "xparse/define-command"
. 
. Defining command \zhnumwithoptions with sig. '+m+m' on line 113.
.................................................
.................................................
. LaTeX info: "xparse/define-command"
. 
. Defining command \zhdigits with sig. '+s+o+m' on line 291.
.................................................
.................................................
. LaTeX info: "xparse/define-command"
. 
. Defining command \zhdigitswithoptions with sig. '+m+m+m' on line 298.
.................................................
.................................................
. LaTeX info: "xparse/define-command"
. 
. Defining command \zhdate with sig. '+s+m' on line 357.
.................................................
\l__zhnum_scale_int=\count131
.................................................
. LaTeX info: "xparse/define-command"
. 
. Defining command \zhnumExtendScaleMap with sig. '>{\TrimSpaces }+o+m' on
. line 467.
.................................................
.................................................
. LaTeX info: "xparse/define-command"
. 
. Defining command \zhnumsetup with sig. '+m' on line 898.
.................................................

("C:\Users\5201E20024\AppData\Local\Programs\MiKTeX 2.9\tex\latex\zhnumber\zhnu
mber-utf8.cfg"
File: zhnumber-utf8.cfg 2016/02/02 v2.3 Chinese numerals with UTF8 encoding
))
.................................................
. LaTeX info: "xparse/define-command"
. 
. Defining command \CTEXnumber with sig. 'mm' on line 549.
.................................................
.................................................
. LaTeX info: "xparse/define-command"
. 
. Defining command \CTEXdigits with sig. 'mm' on line 551.
.................................................
.................................................
. LaTeX info: "xparse/define-command"
. 
. Defining command \ctex_assign_heading_name:nn with sig. 'm>{\SplitArgument
. {\c_one }{,}}+m' on line 665.
.................................................
.................................................
. LaTeX info: "xparse/redefine-command"
. 
. Redefining command \refstepcounter with sig. 'm' on line 1050.
.................................................

("C:\Program Files\MiKTeX 2.9\tex\latex\ctex\scheme\ctex-scheme-chinese-article
.def"
File: ctex-scheme-chinese-article.def 2016/02/02 v2.3 Chinese scheme for articl
e (CTEX)
 ("C:\Program Files\MiKTeX 2.9\tex\latex\ctex\config\ctex-name-utf8.cfg"
File: ctex-name-utf8.cfg 2016/02/02 v2.3 Caption with encoding UTF8 (CTEX)
))
.................................................
. LaTeX info: "xparse/define-command"
. 
. Defining command \zihao with sig. 'm' on line 1053.
.................................................
("C:\Program Files\MiKTeX 2.9\tex\latex\ctex\ctex-c5size.clo"
File: ctex-c5size.clo 2016/02/02 v2.3 c5size option (CTEX)
)
Requested font "[lmroman8-regular]:mapping=tex-text" at 7.52812pt
 -> C:/Users/5201E20024/AppData/Local/Programs/MiKTeX 2.9/fonts/opentype/public
/lm/lmroman8-regular.otf
Requested font "[lmroman10-regular]:mapping=tex-text" at 10.53937pt
 -> C:/Users/5201E20024/AppData/Local/Programs/MiKTeX 2.9/fonts/opentype/public
/lm/lmroman10-regular.otf
.................................................
. LaTeX info: "xparse/define-command"
. 
. Defining command \CTeX with sig. '' on line 1157.
.................................................

("C:\Program Files\MiKTeX 2.9\tex\latex\ctex\fontset\ctex-fontset-windows.def"
File: ctex-fontset-windows.def 2016/02/02 v2.3 Windows fonts definition (CTEX)

("C:\Program Files\MiKTeX 2.9\tex\latex\ctex\fontset\ctex-fontset-windowsnew.de
f"
File: ctex-fontset-windowsnew.def 2016/02/02 v2.3 Windows fonts definition for 
Vista or later version (CTEX)
Requested font "SimSun/OT" at 10.53937pt
 -> ^^98^^L/Windows/Fonts/simsun.ttc
\g__fontspec_family_SimSun_int=\count132
Requested font "KaiTi/OT" at 10.53937pt
 -> ¶^^L/Windows/Fonts/simkai.ttf
Requested font "KaiTi/B/OT" at 10.53937pt
 -> ¹^^L/Windows/Fonts/simkai.ttf
.................................................
. fontspec info: "no-font-shape"
. 
. Could not resolve font KaiTi/B (it probably doesn't exist).
.................................................
Requested font "SimHei/OT" at 10.53937pt
 -> Ë^^L/Windows/Fonts/simhei.ttf
Requested font "SimHei/I/OT" at 10.53937pt
 -> Î^^L/Windows/Fonts/simhei.ttf
.................................................
. fontspec info: "no-font-shape"
. 
. Could not resolve font SimHei/I (it probably doesn't exist).
.................................................
Requested font "SimSun/BI/OT" at 10.53937pt
 -> Î^^L/Windows/Fonts/simsun.ttc
.................................................
. fontspec info: "no-font-shape"
. 
. Could not resolve font SimSun/BI (it probably doesn't exist).
.................................................
.................................................
. fontspec info: "defining-font"
. 
. Font family 'SimSun(0)' created for font 'SimSun' with options
. [Script={CJK},BoldFont={SimHei},ItalicFont={KaiTi}].
. 
. This font family consists of the following shapes:
. 
. * 'normal' with NFSS spec.:
. <->"SimSun/OT:script=hani;language=DFLT;"
. 
. * 'small caps' with NFSS spec.:
. 
. and font adjustment code:
. 
. 
. * 'bold' with NFSS spec.:
. <->"SimHei/OT:script=hani;language=DFLT;"
. 
. * 'bold small caps' with NFSS spec.:
. 
. and font adjustment code:
. 
. 
. * 'italic' with NFSS spec.:
. <->"KaiTi/OT:script=hani;language=DFLT;"
. 
. * 'small caps' with NFSS spec.:
. 
. and font adjustment code:
. 
.................................................
.................................................
. LaTeX info: "xparse/define-command"
. 
. Defining command \songti with sig. '' on line 93.
.................................................
.................................................
. LaTeX info: "xparse/define-command"
. 
. Defining command \heiti with sig. '' on line 94.
.................................................
.................................................
. LaTeX info: "xparse/define-command"
. 
. Defining command \fangsong with sig. '' on line 95.
.................................................
.................................................
. LaTeX info: "xparse/define-command"
. 
. Defining command \kaishu with sig. '' on line 96.
.................................................
.................................................
. LaTeX info: "xparse/define-command"
. 
. Defining command \lishu with sig. '' on line 97.
.................................................
.................................................
. LaTeX info: "xparse/define-command"
. 
. Defining command \youyuan with sig. '' on line 98.
.................................................
.................................................
. LaTeX info: "xparse/define-command"
. 
. Defining command \yahei with sig. '' on line 99.
.................................................
))) ("C:\Program Files\MiKTeX 2.9\tex\latex\ctex\config\ctex.cfg"
File: ctex.cfg 2016/02/02 v2.3 Configuration file (CTEX)
)
("C:\Users\5201E20024\AppData\Local\Programs\MiKTeX 2.9\tex\latex\geometry\geom
etry.sty"
Package: geometry 2010/09/12 v5.6 Page Geometry

("C:\Users\5201E20024\AppData\Local\Programs\MiKTeX 2.9\tex\generic\oberdiek\if
pdf.sty"
Package: ifpdf 2011/01/30 v2.3 Provides the ifpdf switch (HO)
Package ifpdf Info: pdfTeX in PDF mode is not detected.
)
("C:\Users\5201E20024\AppData\Local\Programs\MiKTeX 2.9\tex\generic\oberdiek\if
vtex.sty"
Package: ifvtex 2010/03/01 v1.5 Detect VTeX and its facilities (HO)
Package ifvtex Info: VTeX not detected.
)
("C:\Users\5201E20024\AppData\Local\Programs\MiKTeX 2.9\tex\generic\ifxetex\ifx
etex.sty"
Package: ifxetex 2010/09/12 v0.6 Provides ifxetex conditional
)
\Gm@cnth=\count133
\Gm@cntv=\count134
\c@Gm@tempcnt=\count135
\Gm@bindingoffset=\dimen172
\Gm@wd@mp=\dimen173
\Gm@odd@mp=\dimen174
\Gm@even@mp=\dimen175
\Gm@layoutwidth=\dimen176
\Gm@layoutheight=\dimen177
\Gm@layouthoffset=\dimen178
\Gm@layoutvoffset=\dimen179
\Gm@dimlist=\toks19

("C:\Users\5201E20024\AppData\Local\Programs\MiKTeX 2.9\tex\xelatex\xetexconfig
\geometry.cfg"))
("C:\Users\5201E20024\AppData\Local\Programs\MiKTeX 2.9\tex\latex\amsmath\amsma
th.sty"
Package: amsmath 2013/01/14 v2.14 AMS math features
\@mathmargin=\skip59

For additional information on amsmath, use the `?' option.

("C:\Users\5201E20024\AppData\Local\Programs\MiKTeX 2.9\tex\latex\amsmath\amste
xt.sty"
Package: amstext 2000/06/29 v2.01

("C:\Users\5201E20024\AppData\Local\Programs\MiKTeX 2.9\tex\latex\amsmath\amsge
n.sty"
File: amsgen.sty 1999/11/30 v2.0
\@emptytoks=\toks20
\ex@=\dimen180
))
("C:\Users\5201E20024\AppData\Local\Programs\MiKTeX 2.9\tex\latex\amsmath\amsbs
y.sty"
Package: amsbsy 1999/11/29 v1.2d
\pmbraise@=\dimen181
)
("C:\Users\5201E20024\AppData\Local\Programs\MiKTeX 2.9\tex\latex\amsmath\amsop
n.sty"
Package: amsopn 1999/12/14 v2.01 operator names
)
\inf@bad=\count136
LaTeX Info: Redefining \frac on input line 210.
\uproot@=\count137
\leftroot@=\count138
LaTeX Info: Redefining \overline on input line 306.
\classnum@=\count139
\DOTSCASE@=\count140
LaTeX Info: Redefining \ldots on input line 378.
LaTeX Info: Redefining \dots on input line 381.
LaTeX Info: Redefining \cdots on input line 466.
\Mathstrutbox@=\box53
\strutbox@=\box54
\big@size=\dimen182
LaTeX Font Info:    Redeclaring font encoding OML on input line 566.
LaTeX Font Info:    Redeclaring font encoding OMS on input line 567.
\macc@depth=\count141
\c@MaxMatrixCols=\count142
\dotsspace@=\muskip17
\c@parentequation=\count143
\dspbrk@lvl=\count144
\tag@help=\toks21
\row@=\count145
\column@=\count146
\maxfields@=\count147
\andhelp@=\toks22
\eqnshift@=\dimen183
\alignsep@=\dimen184
\tagshift@=\dimen185
\tagwidth@=\dimen186
\totwidth@=\dimen187
\lineht@=\dimen188
\@envbody=\toks23
\multlinegap=\skip60
\multlinetaggap=\skip61
\mathdisplay@stack=\toks24
LaTeX Info: Redefining \[ on input line 2665.
LaTeX Info: Redefining \] on input line 2666.
)
("C:\Users\5201E20024\AppData\Local\Programs\MiKTeX 2.9\tex\latex\amsfonts\amss
ymb.sty"
Package: amssymb 2013/01/14 v3.01 AMS font symbols

("C:\Users\5201E20024\AppData\Local\Programs\MiKTeX 2.9\tex\latex\amsfonts\amsf
onts.sty"
Package: amsfonts 2013/01/14 v3.01 Basic AMSFonts support
\symAMSa=\mathgroup4
\symAMSb=\mathgroup5
LaTeX Font Info:    Overwriting math alphabet `\mathfrak' in version `bold'
(Font)                  U/euf/m/n --> U/euf/b/n on input line 106.
))
("C:\Users\5201E20024\AppData\Local\Programs\MiKTeX 2.9\tex\latex\tools\bm.sty"
Package: bm 2014/10/28 v1.1c Bold Symbol Support (DPC/FMi)
\symboldoperators=\mathgroup6
\symboldletters=\mathgroup7
\symboldsymbols=\mathgroup8
LaTeX Font Info:    Redeclaring math alphabet \mathbf on input line 141.
LaTeX Info: Redefining \bm on input line 207.
)
("C:\Users\5201E20024\AppData\Local\Programs\MiKTeX 2.9\tex\latex\float\float.s
ty"
Package: float 2001/11/08 v1.3d Float enhancements (AL)
\c@float@type=\count148
\float@exts=\toks25
\float@box=\box55
\@float@everytoks=\toks26
\@floatcapt=\box56
)
("C:\Users\5201E20024\AppData\Local\Programs\MiKTeX 2.9\tex\latex\tools\enumera
te.sty"
Package: enumerate 2015/07/23 v3.00 enumerate extensions (DPC)
\@enLab=\toks27
)
\c@definition=\count149
\c@remark=\count150
 (paper(EN).aux)
\openout1 = `paper(EN).aux'.

LaTeX Font Info:    Checking defaults for OML/cmm/m/it on input line 35.
LaTeX Font Info:    ... okay on input line 35.
LaTeX Font Info:    Checking defaults for T1/cmr/m/n on input line 35.
LaTeX Font Info:    ... okay on input line 35.
LaTeX Font Info:    Checking defaults for OT1/cmr/m/n on input line 35.
LaTeX Font Info:    ... okay on input line 35.
LaTeX Font Info:    Checking defaults for OMS/cmsy/m/n on input line 35.
LaTeX Font Info:    ... okay on input line 35.
LaTeX Font Info:    Checking defaults for OMX/cmex/m/n on input line 35.
LaTeX Font Info:    ... okay on input line 35.
LaTeX Font Info:    Checking defaults for U/cmr/m/n on input line 35.
LaTeX Font Info:    ... okay on input line 35.
LaTeX Font Info:    Checking defaults for TS1/cmr/m/n on input line 35.
LaTeX Font Info:    ... okay on input line 35.
LaTeX Font Info:    Checking defaults for EU1/lmr/m/n on input line 35.
LaTeX Font Info:    ... okay on input line 35.
LaTeX Font Info:    Checking defaults for T3/cmr/m/n on input line 35.
LaTeX Font Info:    Try loading font information for T3+cmr on input line 35.
 ("C:\Program Files\MiKTeX 2.9\tex\latex\tipa\t3cmr.fd"
File: t3cmr.fd 2001/12/31 TIPA font definitions
)
LaTeX Font Info:    ... okay on input line 35.
 ABD: EverySelectfont initializing macros
LaTeX Info: Redefining \selectfont on input line 35.
.................................................
. fontspec info: "setup-math"
. 
. Adjusting the maths setup (use [no-math] to avoid this).
.................................................
\symlegacymaths=\mathgroup9
LaTeX Font Info:    Overwriting symbol font `legacymaths' in version `bold'
(Font)                  OT1/cmr/m/n --> OT1/cmr/bx/n on input line 35.
LaTeX Font Info:    Redeclaring math accent \acute on input line 35.
LaTeX Font Info:    Redeclaring math accent \grave on input line 35.
LaTeX Font Info:    Redeclaring math accent \ddot on input line 35.
LaTeX Font Info:    Redeclaring math accent \tilde on input line 35.
LaTeX Font Info:    Redeclaring math accent \bar on input line 35.
LaTeX Font Info:    Redeclaring math accent \breve on input line 35.
LaTeX Font Info:    Redeclaring math accent \check on input line 35.
LaTeX Font Info:    Redeclaring math accent \hat on input line 35.
LaTeX Font Info:    Redeclaring math accent \dot on input line 35.
LaTeX Font Info:    Redeclaring math accent \mathring on input line 35.
LaTeX Font Info:    Redeclaring math symbol \Gamma on input line 35.
LaTeX Font Info:    Redeclaring math symbol \Delta on input line 35.
LaTeX Font Info:    Redeclaring math symbol \Theta on input line 35.
LaTeX Font Info:    Redeclaring math symbol \Lambda on input line 35.
LaTeX Font Info:    Redeclaring math symbol \Xi on input line 35.
LaTeX Font Info:    Redeclaring math symbol \Pi on input line 35.
LaTeX Font Info:    Redeclaring math symbol \Sigma on input line 35.
LaTeX Font Info:    Redeclaring math symbol \Upsilon on input line 35.
LaTeX Font Info:    Redeclaring math symbol \Phi on input line 35.
LaTeX Font Info:    Redeclaring math symbol \Psi on input line 35.
LaTeX Font Info:    Redeclaring math symbol \Omega on input line 35.
LaTeX Font Info:    Redeclaring math symbol \mathdollar on input line 35.
LaTeX Font Info:    Redeclaring symbol font `operators' on input line 35.
LaTeX Font Info:    Encoding `OT1' has changed to `EU1' for symbol font
(Font)              `operators' in the math version `normal' on input line 35.
LaTeX Font Info:    Overwriting symbol font `operators' in version `normal'
(Font)                  OT1/cmr/m/n --> EU1/lmr/m/n on input line 35.
LaTeX Font Info:    Encoding `OT1' has changed to `EU1' for symbol font
(Font)              `operators' in the math version `bold' on input line 35.
LaTeX Font Info:    Overwriting symbol font `operators' in version `bold'
(Font)                  OT1/cmr/bx/n --> EU1/lmr/m/n on input line 35.
LaTeX Font Info:    Overwriting symbol font `operators' in version `normal'
(Font)                  EU1/lmr/m/n --> EU1/lmr/m/n on input line 35.
LaTeX Font Info:    Overwriting math alphabet `\mathit' in version `normal'
(Font)                  OT1/cmr/m/it --> EU1/lmr/m/it on input line 35.
LaTeX Font Info:    Overwriting math alphabet `\mathbf' in version `normal'
(Font)                  OT1/cmr/bx/n --> EU1/lmr/bx/n on input line 35.
LaTeX Font Info:    Overwriting math alphabet `\mathsf' in version `normal'
(Font)                  OT1/cmss/m/n --> EU1/lmss/m/n on input line 35.
LaTeX Font Info:    Overwriting math alphabet `\mathtt' in version `normal'
(Font)                  OT1/cmtt/m/n --> EU1/lmtt/m/n on input line 35.
LaTeX Font Info:    Overwriting symbol font `operators' in version `bold'
(Font)                  EU1/lmr/m/n --> EU1/lmr/bx/n on input line 35.
LaTeX Font Info:    Overwriting math alphabet `\mathit' in version `bold'
(Font)                  OT1/cmr/bx/it --> EU1/lmr/bx/it on input line 35.
LaTeX Font Info:    Overwriting math alphabet `\mathsf' in version `bold'
(Font)                  OT1/cmss/bx/n --> EU1/lmss/bx/n on input line 35.
LaTeX Font Info:    Overwriting math alphabet `\mathtt' in version `bold'
(Font)                  OT1/cmtt/m/n --> EU1/lmtt/bx/n on input line 35.

*geometry* detected driver: pdftex
*geometry* verbose mode - [ preamble ] result:
* driver: pdftex
* paper: a4paper
* layout: <same size as paper>
* layoutoffset:(h,v)=(0.0pt,0.0pt)
* modes: 
* h-part:(L,W,R)=(45.52458pt, 506.45871pt, 45.52458pt)
* v-part:(T,H,B)=(99.58464pt, 645.87756pt, 99.58464pt)
* \paperwidth=597.50787pt
* \paperheight=845.04684pt
* \textwidth=506.45871pt
* \textheight=645.87756pt
* \oddsidemargin=-26.7454pt
* \evensidemargin=-26.7454pt
* \topmargin=-9.68535pt
* \headheight=12.0pt
* \headsep=25.0pt
* \topskip=10.0pt
* \footskip=30.0pt
* \marginparwidth=65.0pt
* \marginparsep=11.0pt
* \columnsep=10.0pt
* \skip\footins=9.0pt plus 4.0pt minus 2.0pt
* \hoffset=0.0pt
* \voffset=0.0pt
* \mag=1000
* \@twocolumnfalse
* \@twosidefalse
* \@mparswitchfalse
* \@reversemarginfalse
* (1in=72.27pt=25.4mm, 1cm=28.453pt)

Requested font "[lmroman17-regular]:mapping=tex-text" at 22.08249pt
 -> C:/Users/5201E20024/AppData/Local/Programs/MiKTeX 2.9/fonts/opentype/public
/lm/lmroman17-regular.otf
Requested font "[lmroman12-bold]:mapping=tex-text" at 22.08249pt
 -> C:/Users/5201E20024/AppData/Local/Programs/MiKTeX 2.9/fonts/opentype/public
/lm/lmroman12-bold.otf
Requested font "[lmroman12-regular]:mapping=tex-text" at 12.045pt
 -> C:/Users/5201E20024/AppData/Local/Programs/MiKTeX 2.9/fonts/opentype/public
/lm/lmroman12-regular.otf
Requested font "[lmroman12-italic]:mapping=tex-text" at 12.045pt
 -> C:/Users/5201E20024/AppData/Local/Programs/MiKTeX 2.9/fonts/opentype/public
/lm/lmroman12-italic.otf
Requested font "[lmromancaps10-regular]:mapping=tex-text" at 12.045pt
 -> C:/Users/5201E20024/AppData/Local/Programs/MiKTeX 2.9/fonts/opentype/public
/lm/lmromancaps10-regular.otf
Requested font "[lmroman7-regular]:mapping=tex-text" at 7.0pt
 -> C:/Users/5201E20024/AppData/Local/Programs/MiKTeX 2.9/fonts/opentype/public
/lm/lmroman7-regular.otf
Requested font "[lmroman5-regular]:mapping=tex-text" at 5.0pt
 -> C:/Users/5201E20024/AppData/Local/Programs/MiKTeX 2.9/fonts/opentype/public
/lm/lmroman5-regular.otf
Requested font "cmmi10" at 10.53937pt
Requested font "cmsy10" at 10.53937pt
Requested font "cmex10" at 10.53937pt
Requested font "cmex7" at 7.0pt
Requested font "cmex7" at 5.0pt
LaTeX Font Info:    Try loading font information for U+msa on input line 60.

("C:\Users\5201E20024\AppData\Local\Programs\MiKTeX 2.9\tex\latex\amsfonts\umsa
.fd"
File: umsa.fd 2013/01/14 v3.01 AMS symbols A
)
Requested font "msam10" at 10.53937pt
Requested font "msam7" at 7.0pt
Requested font "msam5" at 5.0pt
LaTeX Font Info:    Try loading font information for U+msb on input line 60.

("C:\Users\5201E20024\AppData\Local\Programs\MiKTeX 2.9\tex\latex\amsfonts\umsb
.fd"
File: umsb.fd 2013/01/14 v3.01 AMS symbols B
)
Requested font "msbm10" at 10.53937pt
Requested font "msbm7" at 7.0pt
Requested font "msbm5" at 5.0pt
Requested font "cmbx10" at 10.53937pt
Requested font "cmbx7" at 7.0pt
Requested font "cmbx5" at 5.0pt
Requested font "cmmib10" at 10.53937pt
Requested font "cmmib7" at 7.0pt
Requested font "cmmib5" at 5.0pt
Requested font "cmbsy10" at 10.53937pt
Requested font "cmbsy7" at 7.0pt
Requested font "cmbsy5" at 5.0pt
Requested font "cmr10" at 10.53937pt
Requested font "SimSun/OT:script=hani;language=DFLT;" at 12.045pt
 -> ^^^M/Windows/Fonts/simsun.ttc
 [1

]
Requested font "[lmroman9-regular]:mapping=tex-text" at 9.03374pt
 -> C:/Users/5201E20024/AppData/Local/Programs/MiKTeX 2.9/fonts/opentype/public
/lm/lmroman9-regular.otf
Requested font "[lmroman9-bold]:mapping=tex-text" at 9.03374pt
 -> C:/Users/5201E20024/AppData/Local/Programs/MiKTeX 2.9/fonts/opentype/public
/lm/lmroman9-bold.otf
Requested font "SimHei/OT:script=hani;language=DFLT;" at 9.03374pt
 -> ©^^M/Windows/Fonts/simhei.ttf
Requested font "[lmroman17-regular]:mapping=tex-text" at 15.05624pt
 -> C:/Users/5201E20024/AppData/Local/Programs/MiKTeX 2.9/fonts/opentype/public
/lm/lmroman17-regular.otf
Requested font "[lmroman12-bold]:mapping=tex-text" at 15.05624pt
 -> C:/Users/5201E20024/AppData/Local/Programs/MiKTeX 2.9/fonts/opentype/public
/lm/lmroman12-bold.otf

Underfull \hbox (badness 10000) in paragraph at lines 84--85

 []

Requested font "SimSun/OT:script=hani;language=DFLT;" at 10.53937pt
 -> õ^^O/Windows/Fonts/simsun.ttc

Underfull \hbox (badness 10000) in paragraph at lines 86--87

 []

Requested font "[lmromanslant10-regular]:mapping=tex-text" at 10.53937pt
 -> C:/Users/5201E20024/AppData/Local/Programs/MiKTeX 2.9/fonts/opentype/public
/lm/lmromanslant10-regular.otf
[1]
Underfull \hbox (badness 10000) in paragraph at lines 92--93

 []


Underfull \hbox (badness 10000) in paragraph at lines 100--101

 []


Underfull \hbox (badness 10000) in paragraph at lines 102--104

 []

[2]
Requested font "SimHei/OT:script=hani;language=DFLT;" at 15.05624pt
 -> å^^M/Windows/Fonts/simhei.ttf
Requested font "[lmroman10-bold]:mapping=tex-text" at 10.53937pt
 -> C:/Users/5201E20024/AppData/Local/Programs/MiKTeX 2.9/fonts/opentype/public
/lm/lmroman10-bold.otf
Requested font "SimHei/OT:script=hani;language=DFLT;" at 10.53937pt
 -> â^^M/Windows/Fonts/simhei.ttf
Requested font "[lmroman10-italic]:mapping=tex-text" at 10.53937pt
 -> C:/Users/5201E20024/AppData/Local/Programs/MiKTeX 2.9/fonts/opentype/public
/lm/lmroman10-italic.otf
Requested font "KaiTi/OT:script=hani;language=DFLT;" at 10.53937pt
 -> ^^86^^O/Windows/Fonts/simkai.ttf
LaTeX Font Info:    Font shape `EU1/SimSun(0)/m/sl' in size <10.53937> not avai
lable
(Font)              Font shape `EU1/SimSun(0)/m/it' tried instead on input line
 149.
 [3]
Requested font "[lmroman12-bold]:mapping=tex-text" at 12.045pt
 -> C:/Users/5201E20024/AppData/Local/Programs/MiKTeX 2.9/fonts/opentype/public
/lm/lmroman12-bold.otf
Requested font "SimHei/OT:script=hani;language=DFLT;" at 12.045pt
 -> $^^N/Windows/Fonts/simhei.ttf
 [4] [5] [6]
File: code/paris2.jpg Graphic file (type QTm)
 <use  "code/paris2.jpg" >
File: code/parisc2.jpg Graphic file (type QTm)
 <use  "code/parisc2.jpg" >
[7]
File: code/ut.jpg Graphic file (type QTm)
 <use  "code/ut.jpg" > [8]
File: code/mg2.jpg Graphic file (type QTm)
 <use  "code/mg2.jpg" >
File: code/mc2.jpg Graphic file (type QTm)
 <use  "code/mc2.jpg" >
[9]
File: code/t0.5.jpg Graphic file (type QTm)
 <use  "code/t0.5.jpg" >
File: code/tc0.5.jpg Graphic file (type QTm)
 <use  "code/tc0.5.jpg" >
File: code/t0.2.jpg Graphic file (type QTm)
 <use  "code/t0.2.jpg" >
File: code/tc0.2.jpg Graphic file (type QTm)

<use  "code/tc0.2.jpg" >
File: code/t0.jpg Graphic file (type QTm)
 <use  "code/t0.jpg" >
File: code/tc0.jpg Graphic file (type QTm)
 <use  "code/tc0.jpg" > [10]
[11] [12] [13] (paper(EN).aux) ) 
Here is how much of TeX's memory you used:
 22372 strings out of 428721
 461303 string characters out of 3159574
 473945 words of memory out of 3000000
 25527 multiletter control sequences out of 15000+200000
 9598 words of font info for 68 fonts, out of 3000000 for 9000
 1096 hyphenation exceptions out of 8191
 65i,11n,78p,10461b,422s stack positions out of 5000i,500n,10000p,200000b,50000s

Output written on paper(EN).pdf (14 pages).
